<?xml version="1.0" encoding="UTF-8"?>
<!-- Generated by org.testng.reporters.JUnitReportReporter -->
<testsuite hostname="LAPTOP-4RCGPP9C" failures="0" tests="1" name="Com.Ecommerce.TestClases.TC_NewRegistration" time="15.771" errors="0" timestamp="2024-03-12T23:57:12 IST" skipped="0">
  <testcase classname="Com.Ecommerce.TestClases.TC_NewRegistration" name="Registration" time="15.771"/>
  <system-out/>
</testsuite> <!-- Com.Ecommerce.TestClases.TC_NewRegistration -->
