<?xml version="1.0" encoding="UTF-8"?>
<!-- Generated by org.testng.reporters.JUnitReportReporter -->
<testsuite hostname="LAPTOP-4RCGPP9C" failures="0" tests="3" name="Com.Ecommerce.TestCases.TC_Login_TestData" time="44.775" errors="0" timestamp="2024-03-19T16:12:31 IST" skipped="0">
  <testcase classname="Com.Ecommerce.TestCases.TC_Login_TestData" name="Login_Test" time="15.098"/>
  <system-out/>
  <testcase classname="Com.Ecommerce.TestCases.TC_Login_TestData" name="Login_Test" time="14.165"/>
  <system-out/>
  <testcase classname="Com.Ecommerce.TestCases.TC_Login_TestData" name="Login_Test" time="15.512"/>
  <system-out/>
</testsuite> <!-- Com.Ecommerce.TestCases.TC_Login_TestData -->
