<?xml version="1.0" encoding="UTF-8"?>
<!-- Generated by org.testng.reporters.JUnitReportReporter -->
<testsuite hostname="LAPTOP-4RCGPP9C" failures="0" tests="1" name="Com.Ecommerce.TestClases.demo" time="0.031" errors="0" timestamp="2024-03-12T16:54:15 IST" skipped="0">
  <testcase classname="Com.Ecommerce.TestClases.demo" name="e" time="0.031"/>
</testsuite> <!-- Com.Ecommerce.TestClases.demo -->
