<?xml version="1.0" encoding="UTF-8"?>
<!-- Generated by org.testng.reporters.JUnitReportReporter -->
<testsuite hostname="LAPTOP-4RCGPP9C" failures="0" tests="1" name="Com.Ecommerce.TestCases.TC_NewRegistration" time="18.525" errors="0" timestamp="2024-03-24T00:09:30 IST" skipped="0">
  <testcase classname="Com.Ecommerce.TestCases.TC_NewRegistration" name="Registration" time="18.525"/>
  <system-out/>
</testsuite> <!-- Com.Ecommerce.TestCases.TC_NewRegistration -->
