<?xml version="1.0" encoding="UTF-8"?>
<!-- Generated by org.testng.reporters.JUnitReportReporter -->
<testsuite hostname="LAPTOP-4RCGPP9C" failures="0" tests="4" name="Com.Ecommerce.TestCases.FB" time="59.783" errors="0" timestamp="2024-03-18T18:18:01 IST" skipped="0">
  <testcase classname="Com.Ecommerce.TestCases.FB" name="Login" time="18.330"/>
  <system-out/>
  <testcase classname="Com.Ecommerce.TestCases.FB" name="Login" time="14.286"/>
  <system-out/>
  <testcase classname="Com.Ecommerce.TestCases.FB" name="Login" time="12.958"/>
  <system-out/>
  <testcase classname="Com.Ecommerce.TestCases.FB" name="Login" time="14.209"/>
  <system-out/>
</testsuite> <!-- Com.Ecommerce.TestCases.FB -->
